<?xml version="1.0" encoding="UTF-8"?>
<testsuite xmlns:xsi="http://www.w3.org/2001/XMLSchema-instance" xsi:noNamespaceSchemaLocation="https://maven.apache.org/surefire/maven-surefire-plugin/xsd/surefire-test-report-3.0.xsd" version="3.0" name="practiseddt.ReadRunTimeMavenParameterTest" time="0.216" tests="1" errors="0" skipped="0" failures="0">
  <properties>
[...]
</properties>
  <testcase name="mavenDemo" classname="practiseddt.ReadRunTimeMavenParameterTest" time="0.016">
    <system-out><![CDATA[chrome	admin	http://localhost:8888/	admin
]]></system-out>
  </testcase>
</testsuite>