<?xml version="1.0" encoding="UTF-8"?>
<testng-results ignored="0" total="1" passed="1" failed="0" skipped="0">
  <reporter-output>
  </reporter-output>
  <suite started-at="2024-08-16T13:12:17 IST" name="Default suite" finished-at="2024-08-16T13:12:37 IST" duration-ms="19926">
    <groups>
    </groups>
    <test started-at="2024-08-16T13:12:17 IST" name="Default test" finished-at="2024-08-16T13:12:37 IST" duration-ms="19926">
      <class name="summa.PageFact">
        <test-method signature="sampleTest()[pri:0, instance:summa.PageFact@57af006c]" started-at="2024-08-16T13:12:17 IST" name="sampleTest" finished-at="2024-08-16T13:12:37 IST" duration-ms="19897" status="PASS">
          <reporter-output>
          </reporter-output>
        </test-method> <!-- sampleTest -->
      </class> <!-- summa.PageFact -->
    </test> <!-- Default test -->
  </suite> <!-- Default suite -->
</testng-results>
